{"level":"info","msg":"запуск grpc сервера по адресу: :13997","time":"2023-11-21T12:56:07+04:00"}
{"level":"info","msg":"запуск http сервера по адресу: :13996","time":"2023-11-21T12:56:07+04:00"}
{"level":"info","msg":"запуск grpc сервера по адресу: :13997","time":"2023-11-21T13:16:29+04:00"}
{"level":"info","msg":"запуск http сервера по адресу: :13996","time":"2023-11-21T13:16:29+04:00"}
{"level":"info","msg":"запуск grpc сервера по адресу: :13997","time":"2023-11-21T13:18:01+04:00"}
{"level":"info","msg":"запуск http сервера по адресу: :13996","time":"2023-11-21T13:18:01+04:00"}
{"level":"info","msg":"Использована прослойка jwt /api.UserInfoService/GetUserList","time":"2023-11-21T13:29:53+04:00"}
{"level":"info","msg":"Access Токен неверный","time":"2023-11-21T13:29:53+04:00"}
{"level":"error","msg":"Не удалось вызвать удаленную функцию обновления токена, либо функция возвратила ошибку","time":"2023-11-21T13:29:53+04:00"}
{"level":"info","msg":"Использована прослойка jwt /api.UserInfoService/GetUserList","time":"2023-11-21T13:32:29+04:00"}
{"level":"info","msg":"Access Токен неверный","time":"2023-11-21T13:32:29+04:00"}
{"level":"info","msg":"a7add5d7-5c51-479f-96aa-c34a7df5a16d","time":"2023-11-21T13:32:29+04:00"}
{"level":"info","msg":"Новый access токен -  eyJhbGciOiJIUzI1NiIsInR5cCI6IkpXVCJ9.eyJleHAiOjE3MDA1NjI3NDksInVzZXJfaWQiOiJhN2FkZDVkNy01YzUxLTQ3OWYtOTZhYS1jMzRhN2RmNWExNmQifQ.PiVn_wq_isW0wGROIzLeXNPAfyLGTjtWkDDmKnx75bo","time":"2023-11-21T13:32:29+04:00"}
{"level":"error","msg":"Не получилось извлечь xRequestId из контекста","time":"2023-11-21T13:32:29+04:00"}
{"level":"info","msg":"запуск grpc сервера по адресу: :13997","time":"2023-11-21T13:46:03+04:00"}
{"level":"info","msg":"запуск http сервера по адресу: :13996","time":"2023-11-21T13:46:03+04:00"}
{"level":"info","msg":"Использована прослойка jwt /api.UserInfoService/GetUserList","time":"2023-11-21T13:46:53+04:00"}
{"level":"info","msg":"Access Токен неверный","time":"2023-11-21T13:46:53+04:00"}
{"level":"info","msg":"a7add5d7-5c51-479f-96aa-c34a7df5a16d","time":"2023-11-21T13:46:53+04:00"}
{"level":"info","msg":"Новый access токен -  eyJhbGciOiJIUzI1NiIsInR5cCI6IkpXVCJ9.eyJleHAiOjE3MDA1NjM2MTMsInVzZXJfaWQiOiJhN2FkZDVkNy01YzUxLTQ3OWYtOTZhYS1jMzRhN2RmNWExNmQifQ.Tk_ckRP5Lw805zrAnvyXkZBRoXNIs12cCpF8we6TNJg","time":"2023-11-21T13:46:53+04:00"}
{"level":"info","msg":"запуск grpc сервера по адресу: :13997","time":"2023-11-21T13:49:26+04:00"}
{"level":"info","msg":"запуск http сервера по адресу: :13996","time":"2023-11-21T13:49:26+04:00"}
{"level":"info","msg":"Использована прослойка jwt /api.UserInfoService/GetUserList","time":"2023-11-21T13:50:36+04:00"}
{"level":"info","msg":"Access Токен неверный","time":"2023-11-21T13:50:36+04:00"}
{"level":"info","msg":"a7add5d7-5c51-479f-96aa-c34a7df5a16d","time":"2023-11-21T13:50:36+04:00"}
{"level":"info","msg":"Новый access токен -  eyJhbGciOiJIUzI1NiIsInR5cCI6IkpXVCJ9.eyJleHAiOjE3MDA1NjM4MzYsInVzZXJfaWQiOiJhN2FkZDVkNy01YzUxLTQ3OWYtOTZhYS1jMzRhN2RmNWExNmQifQ.cYBiGTAswrHbwKek-uFDt07qp4h5whEsucx7bT1D5U4","time":"2023-11-21T13:50:36+04:00"}
{"level":"info","msg":"Использована прослойка jwt /api.UserInfoService/GetUserInfo","time":"2023-11-21T13:50:44+04:00"}
{"level":"info","msg":"Access Токен неверный","time":"2023-11-21T13:50:44+04:00"}
{"level":"info","msg":"e640c66e-3b23-406b-bd51-721439175282","time":"2023-11-21T13:50:44+04:00"}
{"level":"info","msg":"Новый access токен -  eyJhbGciOiJIUzI1NiIsInR5cCI6IkpXVCJ9.eyJleHAiOjE3MDA1NjM4NDQsInVzZXJfaWQiOiJlNjQwYzY2ZS0zYjIzLTQwNmItYmQ1MS03MjE0MzkxNzUyODIifQ.wLUsOkKpbqmMVZlZRArgdKuIp_T9Z6SM5MbxPqIeDz0","time":"2023-11-21T13:50:44+04:00"}
{"level":"info","msg":"Использована прослойка jwt /api.UserInfoService/GetUserInfo","time":"2023-11-21T13:52:40+04:00"}
{"level":"info","msg":"Access Токен неверный","time":"2023-11-21T13:52:40+04:00"}
{"level":"info","msg":"b5e1049a-dae2-42a7-82f3-9537ef965612","time":"2023-11-21T13:52:40+04:00"}
{"level":"info","msg":"Новый access токен -  eyJhbGciOiJIUzI1NiIsInR5cCI6IkpXVCJ9.eyJleHAiOjE3MDA1NjM5NjAsInVzZXJfaWQiOiJiNWUxMDQ5YS1kYWUyLTQyYTctODJmMy05NTM3ZWY5NjU2MTIifQ.g9v-wtMzl2Sme8VJaxGb50FppuOH_pSiYL4-yQRRfz4","time":"2023-11-21T13:52:40+04:00"}
{"level":"info","msg":"запуск grpc сервера по адресу: :13997","time":"2023-11-23T14:02:30+04:00"}
{"level":"info","msg":"запуск http сервера по адресу: :13996","time":"2023-11-23T14:02:30+04:00"}
{"level":"info","msg":"Использована прослойка jwt /api.UserInfoService/SignUpUserInfo","time":"2023-11-23T14:17:47+04:00"}
{"level":"info","msg":"Использована прослойка jwt /api.UserInfoService/SignUpUserInfo","time":"2023-11-23T14:18:01+04:00"}
{"level":"info","msg":"a6ae557b-ab67-4745-a95c-cf792d9b1c69","time":"2023-11-23T14:18:01+04:00"}
{"level":"info","msg":"a6ae557b-ab67-4745-a95c-cf792d9b1c69","time":"2023-11-23T14:18:01+04:00"}
{"level":"info","msg":"Токен верный","time":"2023-11-23T14:18:01+04:00"}
{"level":"info","msg":"Завершение jwt middleware","time":"2023-11-23T14:18:01+04:00"}
{"level":"info","msg":"Запрос №  608e1548-bbdf-462e-b61a-de9455e6ff44   Использована функция SignUpUserInfo","time":"2023-11-23T14:18:01+04:00"}
{"level":"info","msg":"Запрос №  608e1548-bbdf-462e-b61a-de9455e6ff44   Получено значение фамилии","time":"2023-11-23T14:18:01+04:00"}
{"level":"info","msg":"Запрос №  608e1548-bbdf-462e-b61a-de9455e6ff44   Использована функция получения user id из контекста","time":"2023-11-23T14:18:01+04:00"}
{"level":"info","msg":"Запрос №  608e1548-bbdf-462e-b61a-de9455e6ff44   Получилось извлечь user id из контекста","time":"2023-11-23T14:18:01+04:00"}
{"level":"info","msg":"Запрос №  608e1548-bbdf-462e-b61a-de9455e6ff44   a6ae557b-ab67-4745-a95c-cf792d9b1c69","time":"2023-11-23T14:18:01+04:00"}
{"level":"info","msg":"Запрос №  608e1548-bbdf-462e-b61a-de9455e6ff44   a6ae557b-ab67-4745-a95c-cf792d9b1c69","time":"2023-11-23T14:18:01+04:00"}
{"level":"info","msg":"Использована прослойка jwt /api.UserInfoService/GetUserInfo","time":"2023-11-23T14:18:24+04:00"}
{"level":"info","msg":"a6ae557b-ab67-4745-a95c-cf792d9b1c69","time":"2023-11-23T14:18:24+04:00"}
{"level":"info","msg":"a6ae557b-ab67-4745-a95c-cf792d9b1c69","time":"2023-11-23T14:18:24+04:00"}
{"level":"info","msg":"Токен верный","time":"2023-11-23T14:18:24+04:00"}
{"level":"info","msg":"Завершение jwt middleware","time":"2023-11-23T14:18:24+04:00"}
